Line 76: Class TabDlg.SSTab of control ssPainel was not a loaded control class.
Line 20: Property Picture in Command8 had an invalid file reference.
Line 29: Property Picture in Command7 had an invalid file reference.
Line 39: Property Picture in Command6 had an invalid file reference.
Line 49: Property Picture in Command5 had an invalid file reference.
Line 59: Property Picture in Command4 had an invalid file reference.
Line 69: Property Picture in Command3 had an invalid file reference.
Line 82: The property name _ExtentX in ssPainel is invalid.
Line 83: The property name _ExtentY in ssPainel is invalid.
Line 84: The property name _Version in ssPainel is invalid.
Line 85: The property name Tabs in ssPainel is invalid.
Line 86: The property name TabsPerRow in ssPainel is invalid.
Line 87: The property name TabHeight in ssPainel is invalid.
Line 90: The property name TabCaption(0) in ssPainel is invalid.
Line 91: The property name TabPicture(0) in ssPainel is invalid.
Line 92: The property name Tab(0).ControlEnabled in ssPainel is invalid.
Line 93: The property name Tab(0).Control(0) in ssPainel is invalid.
Line 94: The property name Tab(0).Control(0).Enabled in ssPainel is invalid.
Line 95: The property name Tab(0).Control(1) in ssPainel is invalid.
Line 96: The property name Tab(0).Control(1).Enabled in ssPainel is invalid.
Line 97: The property name Tab(0).ControlCount in ssPainel is invalid.
Line 98: The property name TabCaption(1) in ssPainel is invalid.
Line 99: The property name TabPicture(1) in ssPainel is invalid.
Line 100: The property name Tab(1).ControlEnabled in ssPainel is invalid.
Line 101: The property name Tab(1).Control(0) in ssPainel is invalid.
Line 102: The property name Tab(1).Control(0).Enabled in ssPainel is invalid.
Line 103: The property name Tab(1).Control(1) in ssPainel is invalid.
Line 104: The property name Tab(1).Control(1).Enabled in ssPainel is invalid.
Line 105: The property name Tab(1).ControlCount in ssPainel is invalid.
Line 106: The property name TabCaption(2) in ssPainel is invalid.
Line 107: The property name TabPicture(2) in ssPainel is invalid.
Line 108: The property name Tab(2).ControlEnabled in ssPainel is invalid.
Line 109: The property name Tab(2).Control(0) in ssPainel is invalid.
Line 110: The property name Tab(2).Control(0).Enabled in ssPainel is invalid.
Line 111: The property name Tab(2).Control(1) in ssPainel is invalid.
Line 112: The property name Tab(2).Control(1).Enabled in ssPainel is invalid.
Line 113: The property name Tab(2).ControlCount in ssPainel is invalid.
Line 114: The property name TabCaption(3) in ssPainel is invalid.
Line 115: The property name TabPicture(3) in ssPainel is invalid.
Line 116: The property name Tab(3).ControlEnabled in ssPainel is invalid.
Line 117: The property name Tab(3).ControlCount in ssPainel is invalid.
Line 812: Property Picture in Command9 had an invalid file reference.
