Line 195: Class TabDlg.SSTab of control ssPainel was not a loaded control class.
Line 202: The property name _ExtentX in ssPainel is invalid.
Line 203: The property name _ExtentY in ssPainel is invalid.
Line 204: The property name _Version in ssPainel is invalid.
Line 205: The property name Tabs in ssPainel is invalid.
Line 206: The property name TabsPerRow in ssPainel is invalid.
Line 207: The property name TabHeight in ssPainel is invalid.
Line 208: The property name TabCaption(0) in ssPainel is invalid.
Line 209: The property name TabPicture(0) in ssPainel is invalid.
Line 210: The property name Tab(0).ControlEnabled in ssPainel is invalid.
Line 211: The property name Tab(0).Control(0) in ssPainel is invalid.
Line 212: The property name Tab(0).Control(0).Enabled in ssPainel is invalid.
Line 213: The property name Tab(0).ControlCount in ssPainel is invalid.
Line 214: The property name TabCaption(1) in ssPainel is invalid.
Line 215: The property name TabPicture(1) in ssPainel is invalid.
Line 216: The property name Tab(1).ControlEnabled in ssPainel is invalid.
Line 217: The property name Tab(1).Control(0) in ssPainel is invalid.
Line 218: The property name Tab(1).ControlCount in ssPainel is invalid.
Line 219: The property name TabCaption(2) in ssPainel is invalid.
Line 220: The property name TabPicture(2) in ssPainel is invalid.
Line 221: The property name Tab(2).ControlEnabled in ssPainel is invalid.
Line 222: The property name Tab(2).Control(0) in ssPainel is invalid.
Line 223: The property name Tab(2).Control(1) in ssPainel is invalid.
Line 224: The property name Tab(2).ControlCount in ssPainel is invalid.
Line 225: The property name TabCaption(3) in ssPainel is invalid.
Line 226: The property name TabPicture(3) in ssPainel is invalid.
Line 227: The property name Tab(3).ControlEnabled in ssPainel is invalid.
Line 228: The property name Tab(3).Control(0) in ssPainel is invalid.
Line 229: The property name Tab(3).ControlCount in ssPainel is invalid.
